<?xml version="1.0" encoding="UTF-8"?>
<!-- Generated by org.testng.reporters.JUnitReportReporter -->
<testsuite skipped="0" hostname="ShAmIm" name="test.addCustomerTest" tests="1" failures="0" timestamp="2021-01-24T14:32:20 CST" time="16.046" errors="0">
  <testcase name="validUserShouldBeAbleToAddCustomer" time="16.046" classname="test.addCustomerTest"/>
  <system-out/>
</testsuite> <!-- test.addCustomerTest -->
