<?xml version="1.0" encoding="UTF-8"?>
<!-- Generated by org.testng.reporters.JUnitReportReporter -->
<testsuite skipped="0" hostname="ShAmIm" name="test.TestingLogin" tests="1" failures="0" timestamp="2021-01-24T11:56:16 CST" time="11.704" errors="0">
  <testcase name="testingUserLogin" time="11.704" classname="test.TestingLogin"/>
  <system-out/>
</testsuite> <!-- test.TestingLogin -->
